e: Compiler terminated with internal error


FAILURE: Build failed with an exception.

* What went wrong:
Execution failed for task ':compileKotlin'.
> Internal compiler error. See log for more details

* Try:
Run with --stacktrace option to get the stack trace. Run with --info or --debug option to get more log output. Run with --scan to get full insights.

* Get more help at https://help.gradle.org

BUILD FAILED in 6m 56s
1 actionable task: 1 executed
Press any key to continue . . .
